<?xml version="1.0" encoding="UTF-8"?>
<!-- Generated by org.testng.reporters.JUnitReportReporter -->
<testsuite skipped="0" hostname="DESKTOP-I99RE5L" name="executeHiver.Tc1" tests="1" failures="0" timestamp="12 Jul 2020 19:50:52 GMT" time="147.252" errors="0">
  <testcase name="executeAssignment" time="147.252" classname="executeHiver.Tc1"/>
</testsuite> <!-- executeHiver.Tc1 -->
