<?xml version="1.0" encoding="UTF-8"?>
<!-- Generated by org.testng.reporters.JUnitReportReporter -->
<testsuite skipped="0" hostname="DESKTOP-I99RE5L" name="executeHiver.Tc1" tests="1" failures="0" timestamp="12 Jul 2020 12:18:31 GMT" time="130.972" errors="0">
  <testcase name="executeAssignment" time="130.972" classname="executeHiver.Tc1"/>
</testsuite> <!-- executeHiver.Tc1 -->
